[2024-05-17 23:31:44,834] {taskinstance.py:826} INFO - Dependencies all met for <TaskInstance: stock_historic_prices.fill-dim_dates 2024-05-16T00:00:00+00:00 [queued]>
[2024-05-17 23:31:44,854] {taskinstance.py:826} INFO - Dependencies all met for <TaskInstance: stock_historic_prices.fill-dim_dates 2024-05-16T00:00:00+00:00 [queued]>
[2024-05-17 23:31:44,856] {taskinstance.py:1017} INFO - 
--------------------------------------------------------------------------------
[2024-05-17 23:31:44,857] {taskinstance.py:1018} INFO - Starting attempt 1 of 2
[2024-05-17 23:31:44,859] {taskinstance.py:1019} INFO - 
--------------------------------------------------------------------------------
[2024-05-17 23:31:44,870] {taskinstance.py:1038} INFO - Executing <Task(PythonOperator): fill-dim_dates> on 2024-05-16T00:00:00+00:00
[2024-05-17 23:31:44,877] {standard_task_runner.py:51} INFO - Started process 798 to run task
[2024-05-17 23:31:44,883] {standard_task_runner.py:75} INFO - Running: ['airflow', 'tasks', 'run', 'stock_historic_prices', 'fill-dim_dates', '2024-05-16T00:00:00+00:00', '--job-id', '3', '--pool', 'default_pool', '--raw', '--subdir', 'DAGS_FOLDER/stock_historic_prices.py', '--cfg-path', '/tmp/tmp71p_ofcl']
[2024-05-17 23:31:44,889] {standard_task_runner.py:76} INFO - Job 3: Subtask fill-dim_dates
[2024-05-17 23:31:44,961] {logging_mixin.py:103} INFO - Running <TaskInstance: stock_historic_prices.fill-dim_dates 2024-05-16T00:00:00+00:00 [running]> on host 6b6a50b197a8
[2024-05-17 23:31:45,039] {taskinstance.py:1232} INFO - Exporting the following env vars:
AIRFLOW_CTX_DAG_OWNER=airflow
AIRFLOW_CTX_DAG_ID=stock_historic_prices
AIRFLOW_CTX_TASK_ID=fill-dim_dates
AIRFLOW_CTX_EXECUTION_DATE=2024-05-16T00:00:00+00:00
AIRFLOW_CTX_DAG_RUN_ID=scheduled__2024-05-16T00:00:00+00:00
[2024-05-17 23:31:45,083] {logging_mixin.py:103} INFO - Conexi贸n exitosa a PostgreSQL
[2024-05-17 23:31:45,180] {logging_mixin.py:103} INFO - Desconexi贸n exitosa de PostgreSQL
[2024-05-17 23:31:45,182] {python.py:118} INFO - Done. Returned value was: None
[2024-05-17 23:31:45,196] {taskinstance.py:1142} INFO - Marking task as SUCCESS. dag_id=stock_historic_prices, task_id=fill-dim_dates, execution_date=20240516T000000, start_date=20240517T233144, end_date=20240517T233145
[2024-05-17 23:31:45,241] {taskinstance.py:1195} INFO - 1 downstream tasks scheduled from follow-on schedule check
[2024-05-17 23:31:45,257] {local_task_job.py:118} INFO - Task exited with return code 0
[2024-05-18 00:20:22,514] {taskinstance.py:826} INFO - Dependencies all met for <TaskInstance: stock_historic_prices.fill-dim_dates 2024-05-16T00:00:00+00:00 [queued]>
[2024-05-18 00:20:22,531] {taskinstance.py:826} INFO - Dependencies all met for <TaskInstance: stock_historic_prices.fill-dim_dates 2024-05-16T00:00:00+00:00 [queued]>
[2024-05-18 00:20:22,534] {taskinstance.py:1017} INFO - 
--------------------------------------------------------------------------------
[2024-05-18 00:20:22,535] {taskinstance.py:1018} INFO - Starting attempt 1 of 2
[2024-05-18 00:20:22,537] {taskinstance.py:1019} INFO - 
--------------------------------------------------------------------------------
[2024-05-18 00:20:22,560] {taskinstance.py:1038} INFO - Executing <Task(PythonOperator): fill-dim_dates> on 2024-05-16T00:00:00+00:00
[2024-05-18 00:20:22,569] {standard_task_runner.py:51} INFO - Started process 749 to run task
[2024-05-18 00:20:22,575] {standard_task_runner.py:75} INFO - Running: ['airflow', 'tasks', 'run', 'stock_historic_prices', 'fill-dim_dates', '2024-05-16T00:00:00+00:00', '--job-id', '3', '--pool', 'default_pool', '--raw', '--subdir', 'DAGS_FOLDER/stock_historic_prices.py', '--cfg-path', '/tmp/tmp48ilsn96']
[2024-05-18 00:20:22,581] {standard_task_runner.py:76} INFO - Job 3: Subtask fill-dim_dates
[2024-05-18 00:20:22,650] {logging_mixin.py:103} INFO - Running <TaskInstance: stock_historic_prices.fill-dim_dates 2024-05-16T00:00:00+00:00 [running]> on host 4367f4ce7644
[2024-05-18 00:20:22,720] {taskinstance.py:1232} INFO - Exporting the following env vars:
AIRFLOW_CTX_DAG_OWNER=airflow
AIRFLOW_CTX_DAG_ID=stock_historic_prices
AIRFLOW_CTX_TASK_ID=fill-dim_dates
AIRFLOW_CTX_EXECUTION_DATE=2024-05-16T00:00:00+00:00
AIRFLOW_CTX_DAG_RUN_ID=scheduled__2024-05-16T00:00:00+00:00
[2024-05-18 00:20:22,780] {logging_mixin.py:103} INFO - Conexi贸n exitosa a PostgreSQL
[2024-05-18 00:20:22,949] {logging_mixin.py:103} INFO - Desconexi贸n exitosa de PostgreSQL
[2024-05-18 00:20:22,952] {python.py:118} INFO - Done. Returned value was: None
[2024-05-18 00:20:22,969] {taskinstance.py:1142} INFO - Marking task as SUCCESS. dag_id=stock_historic_prices, task_id=fill-dim_dates, execution_date=20240516T000000, start_date=20240518T002022, end_date=20240518T002022
[2024-05-18 00:20:23,031] {taskinstance.py:1195} INFO - 1 downstream tasks scheduled from follow-on schedule check
[2024-05-18 00:20:23,070] {local_task_job.py:118} INFO - Task exited with return code 0
