[2024-05-18 00:44:19,134] {taskinstance.py:826} INFO - Dependencies all met for <TaskInstance: stock_historic_prices.fill-stock_history 2024-05-18T00:43:38.229239+00:00 [queued]>
[2024-05-18 00:44:19,170] {taskinstance.py:826} INFO - Dependencies all met for <TaskInstance: stock_historic_prices.fill-stock_history 2024-05-18T00:43:38.229239+00:00 [queued]>
[2024-05-18 00:44:19,183] {taskinstance.py:1017} INFO - 
--------------------------------------------------------------------------------
[2024-05-18 00:44:19,187] {taskinstance.py:1018} INFO - Starting attempt 2 of 3
[2024-05-18 00:44:19,190] {taskinstance.py:1019} INFO - 
--------------------------------------------------------------------------------
[2024-05-18 00:44:19,239] {taskinstance.py:1038} INFO - Executing <Task(PythonOperator): fill-stock_history> on 2024-05-18T00:43:38.229239+00:00
[2024-05-18 00:44:19,262] {standard_task_runner.py:51} INFO - Started process 4827 to run task
[2024-05-18 00:44:19,282] {standard_task_runner.py:75} INFO - Running: ['airflow', 'tasks', 'run', 'stock_historic_prices', 'fill-stock_history', '2024-05-18T00:43:38.229239+00:00', '--job-id', '6', '--pool', 'default_pool', '--raw', '--subdir', 'DAGS_FOLDER/stock_historic_prices.py', '--cfg-path', '/tmp/tmp0sm675qq']
[2024-05-18 00:44:19,297] {standard_task_runner.py:76} INFO - Job 6: Subtask fill-stock_history
[2024-05-18 00:44:19,478] {logging_mixin.py:103} INFO - Running <TaskInstance: stock_historic_prices.fill-stock_history 2024-05-18T00:43:38.229239+00:00 [running]> on host 6ce3e0b0dd10
[2024-05-18 00:44:19,629] {taskinstance.py:1232} INFO - Exporting the following env vars:
AIRFLOW_CTX_DAG_OWNER=airflow
AIRFLOW_CTX_DAG_ID=stock_historic_prices
AIRFLOW_CTX_TASK_ID=fill-stock_history
AIRFLOW_CTX_EXECUTION_DATE=2024-05-18T00:43:38.229239+00:00
AIRFLOW_CTX_DAG_RUN_ID=manual__2024-05-18T00:43:38.229239+00:00
[2024-05-18 00:44:19,650] {logging_mixin.py:103} INFO - Conexión exitosa a PostgreSQL
[2024-05-18 00:46:27,138] {logging_mixin.py:103} INFO - Desconexión exitosa de PostgreSQL
[2024-05-18 00:46:28,109] {python.py:118} INFO - Done. Returned value was: None
[2024-05-18 00:46:28,202] {taskinstance.py:1142} INFO - Marking task as SUCCESS. dag_id=stock_historic_prices, task_id=fill-stock_history, execution_date=20240518T004338, start_date=20240518T004419, end_date=20240518T004628
[2024-05-18 00:46:28,265] {taskinstance.py:1195} INFO - 0 downstream tasks scheduled from follow-on schedule check
[2024-05-18 00:46:28,448] {local_task_job.py:118} INFO - Task exited with return code 0
