[2024-05-18 00:43:39,466] {taskinstance.py:826} INFO - Dependencies all met for <TaskInstance: stock_historic_prices.fill-dim_dates 2024-05-18T00:43:38.229239+00:00 [queued]>
[2024-05-18 00:43:39,486] {taskinstance.py:826} INFO - Dependencies all met for <TaskInstance: stock_historic_prices.fill-dim_dates 2024-05-18T00:43:38.229239+00:00 [queued]>
[2024-05-18 00:43:39,488] {taskinstance.py:1017} INFO - 
--------------------------------------------------------------------------------
[2024-05-18 00:43:39,490] {taskinstance.py:1018} INFO - Starting attempt 1 of 2
[2024-05-18 00:43:39,491] {taskinstance.py:1019} INFO - 
--------------------------------------------------------------------------------
[2024-05-18 00:43:39,514] {taskinstance.py:1038} INFO - Executing <Task(PythonOperator): fill-dim_dates> on 2024-05-18T00:43:38.229239+00:00
[2024-05-18 00:43:39,523] {standard_task_runner.py:51} INFO - Started process 4465 to run task
[2024-05-18 00:43:39,535] {standard_task_runner.py:75} INFO - Running: ['airflow', 'tasks', 'run', 'stock_historic_prices', 'fill-dim_dates', '2024-05-18T00:43:38.229239+00:00', '--job-id', '3', '--pool', 'default_pool', '--raw', '--subdir', 'DAGS_FOLDER/stock_historic_prices.py', '--cfg-path', '/tmp/tmpfogvsf_7']
[2024-05-18 00:43:39,545] {standard_task_runner.py:76} INFO - Job 3: Subtask fill-dim_dates
[2024-05-18 00:43:39,644] {logging_mixin.py:103} INFO - Running <TaskInstance: stock_historic_prices.fill-dim_dates 2024-05-18T00:43:38.229239+00:00 [running]> on host 6ce3e0b0dd10
[2024-05-18 00:43:39,744] {taskinstance.py:1232} INFO - Exporting the following env vars:
AIRFLOW_CTX_DAG_OWNER=airflow
AIRFLOW_CTX_DAG_ID=stock_historic_prices
AIRFLOW_CTX_TASK_ID=fill-dim_dates
AIRFLOW_CTX_EXECUTION_DATE=2024-05-18T00:43:38.229239+00:00
AIRFLOW_CTX_DAG_RUN_ID=manual__2024-05-18T00:43:38.229239+00:00
[2024-05-18 00:43:39,810] {logging_mixin.py:103} INFO - Conexión exitosa a PostgreSQL
[2024-05-18 00:43:39,895] {logging_mixin.py:103} INFO - Desconexión exitosa de PostgreSQL
[2024-05-18 00:43:39,901] {python.py:118} INFO - Done. Returned value was: None
[2024-05-18 00:43:39,922] {taskinstance.py:1142} INFO - Marking task as SUCCESS. dag_id=stock_historic_prices, task_id=fill-dim_dates, execution_date=20240518T004338, start_date=20240518T004339, end_date=20240518T004339
[2024-05-18 00:43:39,978] {taskinstance.py:1195} INFO - 1 downstream tasks scheduled from follow-on schedule check
[2024-05-18 00:43:40,030] {local_task_job.py:118} INFO - Task exited with return code 0
