[2024-05-17 23:31:50,556] {taskinstance.py:826} INFO - Dependencies all met for <TaskInstance: stock_historic_prices.fill-dim_dates 2024-05-17T23:31:48.721646+00:00 [queued]>
[2024-05-17 23:31:50,600] {taskinstance.py:826} INFO - Dependencies all met for <TaskInstance: stock_historic_prices.fill-dim_dates 2024-05-17T23:31:48.721646+00:00 [queued]>
[2024-05-17 23:31:50,604] {taskinstance.py:1017} INFO - 
--------------------------------------------------------------------------------
[2024-05-17 23:31:50,606] {taskinstance.py:1018} INFO - Starting attempt 1 of 2
[2024-05-17 23:31:50,608] {taskinstance.py:1019} INFO - 
--------------------------------------------------------------------------------
[2024-05-17 23:31:50,621] {taskinstance.py:1038} INFO - Executing <Task(PythonOperator): fill-dim_dates> on 2024-05-17T23:31:48.721646+00:00
[2024-05-17 23:31:50,629] {standard_task_runner.py:51} INFO - Started process 847 to run task
[2024-05-17 23:31:50,634] {standard_task_runner.py:75} INFO - Running: ['airflow', 'tasks', 'run', 'stock_historic_prices', 'fill-dim_dates', '2024-05-17T23:31:48.721646+00:00', '--job-id', '5', '--pool', 'default_pool', '--raw', '--subdir', 'DAGS_FOLDER/stock_historic_prices.py', '--cfg-path', '/tmp/tmphjku1qqs']
[2024-05-17 23:31:50,640] {standard_task_runner.py:76} INFO - Job 5: Subtask fill-dim_dates
[2024-05-17 23:31:50,720] {logging_mixin.py:103} INFO - Running <TaskInstance: stock_historic_prices.fill-dim_dates 2024-05-17T23:31:48.721646+00:00 [running]> on host 6b6a50b197a8
[2024-05-17 23:31:50,774] {taskinstance.py:1232} INFO - Exporting the following env vars:
AIRFLOW_CTX_DAG_OWNER=airflow
AIRFLOW_CTX_DAG_ID=stock_historic_prices
AIRFLOW_CTX_TASK_ID=fill-dim_dates
AIRFLOW_CTX_EXECUTION_DATE=2024-05-17T23:31:48.721646+00:00
AIRFLOW_CTX_DAG_RUN_ID=manual__2024-05-17T23:31:48.721646+00:00
[2024-05-17 23:31:50,816] {logging_mixin.py:103} INFO - Conexión exitosa a PostgreSQL
[2024-05-17 23:31:50,850] {logging_mixin.py:103} INFO - Desconexión exitosa de PostgreSQL
[2024-05-17 23:31:50,853] {python.py:118} INFO - Done. Returned value was: None
[2024-05-17 23:31:50,864] {taskinstance.py:1142} INFO - Marking task as SUCCESS. dag_id=stock_historic_prices, task_id=fill-dim_dates, execution_date=20240517T233148, start_date=20240517T233150, end_date=20240517T233150
[2024-05-17 23:31:50,896] {taskinstance.py:1195} INFO - 1 downstream tasks scheduled from follow-on schedule check
[2024-05-17 23:31:50,938] {local_task_job.py:118} INFO - Task exited with return code 0
