[2024-05-18 00:20:22,530] {taskinstance.py:826} INFO - Dependencies all met for <TaskInstance: stock_historic_prices.fill-dim_dates 2024-05-17T00:00:00+00:00 [queued]>
[2024-05-18 00:20:22,548] {taskinstance.py:826} INFO - Dependencies all met for <TaskInstance: stock_historic_prices.fill-dim_dates 2024-05-17T00:00:00+00:00 [queued]>
[2024-05-18 00:20:22,550] {taskinstance.py:1017} INFO - 
--------------------------------------------------------------------------------
[2024-05-18 00:20:22,552] {taskinstance.py:1018} INFO - Starting attempt 1 of 2
[2024-05-18 00:20:22,554] {taskinstance.py:1019} INFO - 
--------------------------------------------------------------------------------
[2024-05-18 00:20:22,575] {taskinstance.py:1038} INFO - Executing <Task(PythonOperator): fill-dim_dates> on 2024-05-17T00:00:00+00:00
[2024-05-18 00:20:22,583] {standard_task_runner.py:51} INFO - Started process 750 to run task
[2024-05-18 00:20:22,589] {standard_task_runner.py:75} INFO - Running: ['airflow', 'tasks', 'run', 'stock_historic_prices', 'fill-dim_dates', '2024-05-17T00:00:00+00:00', '--job-id', '4', '--pool', 'default_pool', '--raw', '--subdir', 'DAGS_FOLDER/stock_historic_prices.py', '--cfg-path', '/tmp/tmphtj8qqjw']
[2024-05-18 00:20:22,596] {standard_task_runner.py:76} INFO - Job 4: Subtask fill-dim_dates
[2024-05-18 00:20:22,664] {logging_mixin.py:103} INFO - Running <TaskInstance: stock_historic_prices.fill-dim_dates 2024-05-17T00:00:00+00:00 [running]> on host 4367f4ce7644
[2024-05-18 00:20:22,726] {taskinstance.py:1232} INFO - Exporting the following env vars:
AIRFLOW_CTX_DAG_OWNER=airflow
AIRFLOW_CTX_DAG_ID=stock_historic_prices
AIRFLOW_CTX_TASK_ID=fill-dim_dates
AIRFLOW_CTX_EXECUTION_DATE=2024-05-17T00:00:00+00:00
AIRFLOW_CTX_DAG_RUN_ID=scheduled__2024-05-17T00:00:00+00:00
[2024-05-18 00:20:22,780] {logging_mixin.py:103} INFO - Conexi贸n exitosa a PostgreSQL
[2024-05-18 00:20:22,962] {logging_mixin.py:103} INFO - Desconexi贸n exitosa de PostgreSQL
[2024-05-18 00:20:22,965] {python.py:118} INFO - Done. Returned value was: None
[2024-05-18 00:20:22,982] {taskinstance.py:1142} INFO - Marking task as SUCCESS. dag_id=stock_historic_prices, task_id=fill-dim_dates, execution_date=20240517T000000, start_date=20240518T002022, end_date=20240518T002022
[2024-05-18 00:20:23,052] {taskinstance.py:1195} INFO - 0 downstream tasks scheduled from follow-on schedule check
[2024-05-18 00:20:23,085] {local_task_job.py:118} INFO - Task exited with return code 0
[2024-05-18 00:43:38,286] {taskinstance.py:826} INFO - Dependencies all met for <TaskInstance: stock_historic_prices.fill-dim_dates 2024-05-17T00:00:00+00:00 [queued]>
[2024-05-18 00:43:38,310] {taskinstance.py:826} INFO - Dependencies all met for <TaskInstance: stock_historic_prices.fill-dim_dates 2024-05-17T00:00:00+00:00 [queued]>
[2024-05-18 00:43:38,312] {taskinstance.py:1017} INFO - 
--------------------------------------------------------------------------------
[2024-05-18 00:43:38,315] {taskinstance.py:1018} INFO - Starting attempt 1 of 2
[2024-05-18 00:43:38,318] {taskinstance.py:1019} INFO - 
--------------------------------------------------------------------------------
[2024-05-18 00:43:38,343] {taskinstance.py:1038} INFO - Executing <Task(PythonOperator): fill-dim_dates> on 2024-05-17T00:00:00+00:00
[2024-05-18 00:43:38,355] {standard_task_runner.py:51} INFO - Started process 4456 to run task
[2024-05-18 00:43:38,362] {standard_task_runner.py:75} INFO - Running: ['airflow', 'tasks', 'run', 'stock_historic_prices', 'fill-dim_dates', '2024-05-17T00:00:00+00:00', '--job-id', '2', '--pool', 'default_pool', '--raw', '--subdir', 'DAGS_FOLDER/stock_historic_prices.py', '--cfg-path', '/tmp/tmp2tvn6ndx']
[2024-05-18 00:43:38,371] {standard_task_runner.py:76} INFO - Job 2: Subtask fill-dim_dates
[2024-05-18 00:43:38,468] {logging_mixin.py:103} INFO - Running <TaskInstance: stock_historic_prices.fill-dim_dates 2024-05-17T00:00:00+00:00 [running]> on host 6ce3e0b0dd10
[2024-05-18 00:43:38,558] {taskinstance.py:1232} INFO - Exporting the following env vars:
AIRFLOW_CTX_DAG_OWNER=airflow
AIRFLOW_CTX_DAG_ID=stock_historic_prices
AIRFLOW_CTX_TASK_ID=fill-dim_dates
AIRFLOW_CTX_EXECUTION_DATE=2024-05-17T00:00:00+00:00
AIRFLOW_CTX_DAG_RUN_ID=scheduled__2024-05-17T00:00:00+00:00
[2024-05-18 00:43:38,630] {logging_mixin.py:103} INFO - Conexi贸n exitosa a PostgreSQL
[2024-05-18 00:43:38,761] {logging_mixin.py:103} INFO - Desconexi贸n exitosa de PostgreSQL
[2024-05-18 00:43:38,765] {python.py:118} INFO - Done. Returned value was: None
[2024-05-18 00:43:38,784] {taskinstance.py:1142} INFO - Marking task as SUCCESS. dag_id=stock_historic_prices, task_id=fill-dim_dates, execution_date=20240517T000000, start_date=20240518T004338, end_date=20240518T004338
[2024-05-18 00:43:38,840] {taskinstance.py:1195} INFO - 1 downstream tasks scheduled from follow-on schedule check
[2024-05-18 00:43:38,899] {local_task_job.py:118} INFO - Task exited with return code 0
